============================= test session starts ==============================
platform darwin -- Python 3.14.3, pytest-9.0.3, pluggy-1.6.0 -- /opt/homebrew/opt/python@3.14/bin/python3.14
cachedir: .pytest_cache
rootdir: /Users/gautambiswas/Claude Code/aws_nonprofit_toolkit/aws_nonprofit_toolkit/Givebutter
configfile: pytest.ini
plugins: anyio-4.12.1
collecting ... collected 43 items / 10 errors

==================================== ERRORS ====================================
____________ ERROR collecting tests/integration/test_csv_formats.py ____________
ImportError while importing test module '/Users/gautambiswas/Claude Code/aws_nonprofit_toolkit/aws_nonprofit_toolkit/Givebutter/tests/integration/test_csv_formats.py'.
Hint: make sure your test modules/packages have valid Python names.
Traceback:
/opt/homebrew/lib/python3.14/site-packages/_pytest/python.py:507: in importtestmodule
    mod = import_path(
/opt/homebrew/lib/python3.14/site-packages/_pytest/pathlib.py:587: in import_path
    importlib.import_module(module_name)
/opt/homebrew/Cellar/python@3.14/3.14.3_1/Frameworks/Python.framework/Versions/3.14/lib/python3.14/importlib/__init__.py:88: in import_module
    return _bootstrap._gcd_import(name[level:], package, level)
           ^^^^^^^^^^^^^^^^^^^^^^^^^^^^^^^^^^^^^^^^^^^^^^^^^^^^
<frozen importlib._bootstrap>:1398: in _gcd_import
    ???
<frozen importlib._bootstrap>:1371: in _find_and_load
    ???
<frozen importlib._bootstrap>:1342: in _find_and_load_unlocked
    ???
<frozen importlib._bootstrap>:938: in _load_unlocked
    ???
/opt/homebrew/lib/python3.14/site-packages/_pytest/assertion/rewrite.py:197: in exec_module
    exec(co, module.__dict__)
tests/integration/test_csv_formats.py:3: in <module>
    import pandas as pd
E   ModuleNotFoundError: No module named 'pandas'
_______ ERROR collecting tests/integration/test_decision_persistence.py ________
ImportError while importing test module '/Users/gautambiswas/Claude Code/aws_nonprofit_toolkit/aws_nonprofit_toolkit/Givebutter/tests/integration/test_decision_persistence.py'.
Hint: make sure your test modules/packages have valid Python names.
Traceback:
/opt/homebrew/lib/python3.14/site-packages/_pytest/python.py:507: in importtestmodule
    mod = import_path(
/opt/homebrew/lib/python3.14/site-packages/_pytest/pathlib.py:587: in import_path
    importlib.import_module(module_name)
/opt/homebrew/Cellar/python@3.14/3.14.3_1/Frameworks/Python.framework/Versions/3.14/lib/python3.14/importlib/__init__.py:88: in import_module
    return _bootstrap._gcd_import(name[level:], package, level)
           ^^^^^^^^^^^^^^^^^^^^^^^^^^^^^^^^^^^^^^^^^^^^^^^^^^^^
<frozen importlib._bootstrap>:1398: in _gcd_import
    ???
<frozen importlib._bootstrap>:1371: in _find_and_load
    ???
<frozen importlib._bootstrap>:1342: in _find_and_load_unlocked
    ???
<frozen importlib._bootstrap>:938: in _load_unlocked
    ???
/opt/homebrew/lib/python3.14/site-packages/_pytest/assertion/rewrite.py:197: in exec_module
    exec(co, module.__dict__)
tests/integration/test_decision_persistence.py:3: in <module>
    import pandas as pd
E   ModuleNotFoundError: No module named 'pandas'
__________ ERROR collecting tests/integration/test_processor_full.py ___________
ImportError while importing test module '/Users/gautambiswas/Claude Code/aws_nonprofit_toolkit/aws_nonprofit_toolkit/Givebutter/tests/integration/test_processor_full.py'.
Hint: make sure your test modules/packages have valid Python names.
Traceback:
/opt/homebrew/lib/python3.14/site-packages/_pytest/python.py:507: in importtestmodule
    mod = import_path(
/opt/homebrew/lib/python3.14/site-packages/_pytest/pathlib.py:587: in import_path
    importlib.import_module(module_name)
/opt/homebrew/Cellar/python@3.14/3.14.3_1/Frameworks/Python.framework/Versions/3.14/lib/python3.14/importlib/__init__.py:88: in import_module
    return _bootstrap._gcd_import(name[level:], package, level)
           ^^^^^^^^^^^^^^^^^^^^^^^^^^^^^^^^^^^^^^^^^^^^^^^^^^^^
<frozen importlib._bootstrap>:1398: in _gcd_import
    ???
<frozen importlib._bootstrap>:1371: in _find_and_load
    ???
<frozen importlib._bootstrap>:1342: in _find_and_load_unlocked
    ???
<frozen importlib._bootstrap>:938: in _load_unlocked
    ???
/opt/homebrew/lib/python3.14/site-packages/_pytest/assertion/rewrite.py:197: in exec_module
    exec(co, module.__dict__)
tests/integration/test_processor_full.py:3: in <module>
    import pandas as pd
E   ModuleNotFoundError: No module named 'pandas'
_____________ ERROR collecting tests/unit/test_tier_assignment.py ______________
ImportError while importing test module '/Users/gautambiswas/Claude Code/aws_nonprofit_toolkit/aws_nonprofit_toolkit/Givebutter/tests/unit/test_tier_assignment.py'.
Hint: make sure your test modules/packages have valid Python names.
Traceback:
/opt/homebrew/lib/python3.14/site-packages/_pytest/python.py:507: in importtestmodule
    mod = import_path(
/opt/homebrew/lib/python3.14/site-packages/_pytest/pathlib.py:587: in import_path
    importlib.import_module(module_name)
/opt/homebrew/Cellar/python@3.14/3.14.3_1/Frameworks/Python.framework/Versions/3.14/lib/python3.14/importlib/__init__.py:88: in import_module
    return _bootstrap._gcd_import(name[level:], package, level)
           ^^^^^^^^^^^^^^^^^^^^^^^^^^^^^^^^^^^^^^^^^^^^^^^^^^^^
<frozen importlib._bootstrap>:1398: in _gcd_import
    ???
<frozen importlib._bootstrap>:1371: in _find_and_load
    ???
<frozen importlib._bootstrap>:1342: in _find_and_load_unlocked
    ???
<frozen importlib._bootstrap>:938: in _load_unlocked
    ???
/opt/homebrew/lib/python3.14/site-packages/_pytest/assertion/rewrite.py:197: in exec_module
    exec(co, module.__dict__)
tests/unit/test_tier_assignment.py:3: in <module>
    from processor import assign_tier
scripts/processor.py:13: in <module>
    import pandas as pd
E   ModuleNotFoundError: No module named 'pandas'
____________ ERROR collecting tests/unit/test_validation_address.py ____________
ImportError while importing test module '/Users/gautambiswas/Claude Code/aws_nonprofit_toolkit/aws_nonprofit_toolkit/Givebutter/tests/unit/test_validation_address.py'.
Hint: make sure your test modules/packages have valid Python names.
Traceback:
/opt/homebrew/lib/python3.14/site-packages/_pytest/python.py:507: in importtestmodule
    mod = import_path(
/opt/homebrew/lib/python3.14/site-packages/_pytest/pathlib.py:587: in import_path
    importlib.import_module(module_name)
/opt/homebrew/Cellar/python@3.14/3.14.3_1/Frameworks/Python.framework/Versions/3.14/lib/python3.14/importlib/__init__.py:88: in import_module
    return _bootstrap._gcd_import(name[level:], package, level)
           ^^^^^^^^^^^^^^^^^^^^^^^^^^^^^^^^^^^^^^^^^^^^^^^^^^^^
<frozen importlib._bootstrap>:1398: in _gcd_import
    ???
<frozen importlib._bootstrap>:1371: in _find_and_load
    ???
<frozen importlib._bootstrap>:1342: in _find_and_load_unlocked
    ???
<frozen importlib._bootstrap>:938: in _load_unlocked
    ???
/opt/homebrew/lib/python3.14/site-packages/_pytest/assertion/rewrite.py:197: in exec_module
    exec(co, module.__dict__)
tests/unit/test_validation_address.py:3: in <module>
    from processor import validate_address
scripts/processor.py:13: in <module>
    import pandas as pd
E   ModuleNotFoundError: No module named 'pandas'
____________ ERROR collecting tests/unit/test_validation_amount.py _____________
ImportError while importing test module '/Users/gautambiswas/Claude Code/aws_nonprofit_toolkit/aws_nonprofit_toolkit/Givebutter/tests/unit/test_validation_amount.py'.
Hint: make sure your test modules/packages have valid Python names.
Traceback:
/opt/homebrew/lib/python3.14/site-packages/_pytest/python.py:507: in importtestmodule
    mod = import_path(
/opt/homebrew/lib/python3.14/site-packages/_pytest/pathlib.py:587: in import_path
    importlib.import_module(module_name)
/opt/homebrew/Cellar/python@3.14/3.14.3_1/Frameworks/Python.framework/Versions/3.14/lib/python3.14/importlib/__init__.py:88: in import_module
    return _bootstrap._gcd_import(name[level:], package, level)
           ^^^^^^^^^^^^^^^^^^^^^^^^^^^^^^^^^^^^^^^^^^^^^^^^^^^^
<frozen importlib._bootstrap>:1398: in _gcd_import
    ???
<frozen importlib._bootstrap>:1371: in _find_and_load
    ???
<frozen importlib._bootstrap>:1342: in _find_and_load_unlocked
    ???
<frozen importlib._bootstrap>:938: in _load_unlocked
    ???
/opt/homebrew/lib/python3.14/site-packages/_pytest/assertion/rewrite.py:197: in exec_module
    exec(co, module.__dict__)
tests/unit/test_validation_amount.py:3: in <module>
    from processor import validate_amount
scripts/processor.py:13: in <module>
    import pandas as pd
E   ModuleNotFoundError: No module named 'pandas'
_____________ ERROR collecting tests/unit/test_validation_email.py _____________
ImportError while importing test module '/Users/gautambiswas/Claude Code/aws_nonprofit_toolkit/aws_nonprofit_toolkit/Givebutter/tests/unit/test_validation_email.py'.
Hint: make sure your test modules/packages have valid Python names.
Traceback:
/opt/homebrew/lib/python3.14/site-packages/_pytest/python.py:507: in importtestmodule
    mod = import_path(
/opt/homebrew/lib/python3.14/site-packages/_pytest/pathlib.py:587: in import_path
    importlib.import_module(module_name)
/opt/homebrew/Cellar/python@3.14/3.14.3_1/Frameworks/Python.framework/Versions/3.14/lib/python3.14/importlib/__init__.py:88: in import_module
    return _bootstrap._gcd_import(name[level:], package, level)
           ^^^^^^^^^^^^^^^^^^^^^^^^^^^^^^^^^^^^^^^^^^^^^^^^^^^^
<frozen importlib._bootstrap>:1398: in _gcd_import
    ???
<frozen importlib._bootstrap>:1371: in _find_and_load
    ???
<frozen importlib._bootstrap>:1342: in _find_and_load_unlocked
    ???
<frozen importlib._bootstrap>:938: in _load_unlocked
    ???
/opt/homebrew/lib/python3.14/site-packages/_pytest/assertion/rewrite.py:197: in exec_module
    exec(co, module.__dict__)
tests/unit/test_validation_email.py:3: in <module>
    from processor import validate_email
scripts/processor.py:13: in <module>
    import pandas as pd
E   ModuleNotFoundError: No module named 'pandas'
____________ ERROR collecting tests/unit/test_validation_header.py _____________
ImportError while importing test module '/Users/gautambiswas/Claude Code/aws_nonprofit_toolkit/aws_nonprofit_toolkit/Givebutter/tests/unit/test_validation_header.py'.
Hint: make sure your test modules/packages have valid Python names.
Traceback:
/opt/homebrew/lib/python3.14/site-packages/_pytest/python.py:507: in importtestmodule
    mod = import_path(
/opt/homebrew/lib/python3.14/site-packages/_pytest/pathlib.py:587: in import_path
    importlib.import_module(module_name)
/opt/homebrew/Cellar/python@3.14/3.14.3_1/Frameworks/Python.framework/Versions/3.14/lib/python3.14/importlib/__init__.py:88: in import_module
    return _bootstrap._gcd_import(name[level:], package, level)
           ^^^^^^^^^^^^^^^^^^^^^^^^^^^^^^^^^^^^^^^^^^^^^^^^^^^^
<frozen importlib._bootstrap>:1398: in _gcd_import
    ???
<frozen importlib._bootstrap>:1371: in _find_and_load
    ???
<frozen importlib._bootstrap>:1342: in _find_and_load_unlocked
    ???
<frozen importlib._bootstrap>:938: in _load_unlocked
    ???
/opt/homebrew/lib/python3.14/site-packages/_pytest/assertion/rewrite.py:197: in exec_module
    exec(co, module.__dict__)
tests/unit/test_validation_header.py:3: in <module>
    from processor import build_header_mapping
scripts/processor.py:13: in <module>
    import pandas as pd
E   ModuleNotFoundError: No module named 'pandas'
_____________ ERROR collecting tests/unit/test_validation_name.py ______________
ImportError while importing test module '/Users/gautambiswas/Claude Code/aws_nonprofit_toolkit/aws_nonprofit_toolkit/Givebutter/tests/unit/test_validation_name.py'.
Hint: make sure your test modules/packages have valid Python names.
Traceback:
/opt/homebrew/lib/python3.14/site-packages/_pytest/python.py:507: in importtestmodule
    mod = import_path(
/opt/homebrew/lib/python3.14/site-packages/_pytest/pathlib.py:587: in import_path
    importlib.import_module(module_name)
/opt/homebrew/Cellar/python@3.14/3.14.3_1/Frameworks/Python.framework/Versions/3.14/lib/python3.14/importlib/__init__.py:88: in import_module
    return _bootstrap._gcd_import(name[level:], package, level)
           ^^^^^^^^^^^^^^^^^^^^^^^^^^^^^^^^^^^^^^^^^^^^^^^^^^^^
<frozen importlib._bootstrap>:1398: in _gcd_import
    ???
<frozen importlib._bootstrap>:1371: in _find_and_load
    ???
<frozen importlib._bootstrap>:1342: in _find_and_load_unlocked
    ???
<frozen importlib._bootstrap>:938: in _load_unlocked
    ???
/opt/homebrew/lib/python3.14/site-packages/_pytest/assertion/rewrite.py:197: in exec_module
    exec(co, module.__dict__)
tests/unit/test_validation_name.py:3: in <module>
    from processor import validate_name
scripts/processor.py:13: in <module>
    import pandas as pd
E   ModuleNotFoundError: No module named 'pandas'
_____________ ERROR collecting tests/unit/test_validation_phone.py _____________
ImportError while importing test module '/Users/gautambiswas/Claude Code/aws_nonprofit_toolkit/aws_nonprofit_toolkit/Givebutter/tests/unit/test_validation_phone.py'.
Hint: make sure your test modules/packages have valid Python names.
Traceback:
/opt/homebrew/lib/python3.14/site-packages/_pytest/python.py:507: in importtestmodule
    mod = import_path(
/opt/homebrew/lib/python3.14/site-packages/_pytest/pathlib.py:587: in import_path
    importlib.import_module(module_name)
/opt/homebrew/Cellar/python@3.14/3.14.3_1/Frameworks/Python.framework/Versions/3.14/lib/python3.14/importlib/__init__.py:88: in import_module
    return _bootstrap._gcd_import(name[level:], package, level)
           ^^^^^^^^^^^^^^^^^^^^^^^^^^^^^^^^^^^^^^^^^^^^^^^^^^^^
<frozen importlib._bootstrap>:1398: in _gcd_import
    ???
<frozen importlib._bootstrap>:1371: in _find_and_load
    ???
<frozen importlib._bootstrap>:1342: in _find_and_load_unlocked
    ???
<frozen importlib._bootstrap>:938: in _load_unlocked
    ???
/opt/homebrew/lib/python3.14/site-packages/_pytest/assertion/rewrite.py:197: in exec_module
    exec(co, module.__dict__)
tests/unit/test_validation_phone.py:3: in <module>
    from processor import validate_phone
scripts/processor.py:13: in <module>
    import pandas as pd
E   ModuleNotFoundError: No module named 'pandas'
=============================== warnings summary ===============================
tests/e2e/test_e2e_decision_workflow.py:33
  /Users/gautambiswas/Claude Code/aws_nonprofit_toolkit/aws_nonprofit_toolkit/Givebutter/tests/e2e/test_e2e_decision_workflow.py:33: PytestUnknownMarkWarning: Unknown pytest.mark.asyncio - is this a typo?  You can register custom marks to avoid this warning - for details, see https://docs.pytest.org/en/stable/how-to/mark.html
    @pytest.mark.asyncio

tests/e2e/test_e2e_decision_workflow.py:73
  /Users/gautambiswas/Claude Code/aws_nonprofit_toolkit/aws_nonprofit_toolkit/Givebutter/tests/e2e/test_e2e_decision_workflow.py:73: PytestUnknownMarkWarning: Unknown pytest.mark.asyncio - is this a typo?  You can register custom marks to avoid this warning - for details, see https://docs.pytest.org/en/stable/how-to/mark.html
    @pytest.mark.asyncio

tests/e2e/test_e2e_decision_workflow.py:120
  /Users/gautambiswas/Claude Code/aws_nonprofit_toolkit/aws_nonprofit_toolkit/Givebutter/tests/e2e/test_e2e_decision_workflow.py:120: PytestUnknownMarkWarning: Unknown pytest.mark.asyncio - is this a typo?  You can register custom marks to avoid this warning - for details, see https://docs.pytest.org/en/stable/how-to/mark.html
    @pytest.mark.asyncio

tests/e2e/test_e2e_decision_workflow.py:162
  /Users/gautambiswas/Claude Code/aws_nonprofit_toolkit/aws_nonprofit_toolkit/Givebutter/tests/e2e/test_e2e_decision_workflow.py:162: PytestUnknownMarkWarning: Unknown pytest.mark.asyncio - is this a typo?  You can register custom marks to avoid this warning - for details, see https://docs.pytest.org/en/stable/how-to/mark.html
    @pytest.mark.asyncio

tests/e2e/test_e2e_decision_workflow.py:211
  /Users/gautambiswas/Claude Code/aws_nonprofit_toolkit/aws_nonprofit_toolkit/Givebutter/tests/e2e/test_e2e_decision_workflow.py:211: PytestUnknownMarkWarning: Unknown pytest.mark.asyncio - is this a typo?  You can register custom marks to avoid this warning - for details, see https://docs.pytest.org/en/stable/how-to/mark.html
    @pytest.mark.asyncio

tests/e2e/test_e2e_decision_workflow.py:260
  /Users/gautambiswas/Claude Code/aws_nonprofit_toolkit/aws_nonprofit_toolkit/Givebutter/tests/e2e/test_e2e_decision_workflow.py:260: PytestUnknownMarkWarning: Unknown pytest.mark.asyncio - is this a typo?  You can register custom marks to avoid this warning - for details, see https://docs.pytest.org/en/stable/how-to/mark.html
    @pytest.mark.asyncio

tests/e2e/test_e2e_decision_workflow.py:320
  /Users/gautambiswas/Claude Code/aws_nonprofit_toolkit/aws_nonprofit_toolkit/Givebutter/tests/e2e/test_e2e_decision_workflow.py:320: PytestUnknownMarkWarning: Unknown pytest.mark.asyncio - is this a typo?  You can register custom marks to avoid this warning - for details, see https://docs.pytest.org/en/stable/how-to/mark.html
    @pytest.mark.asyncio

tests/e2e/test_e2e_decision_workflow.py:360
  /Users/gautambiswas/Claude Code/aws_nonprofit_toolkit/aws_nonprofit_toolkit/Givebutter/tests/e2e/test_e2e_decision_workflow.py:360: PytestUnknownMarkWarning: Unknown pytest.mark.asyncio - is this a typo?  You can register custom marks to avoid this warning - for details, see https://docs.pytest.org/en/stable/how-to/mark.html
    @pytest.mark.asyncio

tests/e2e/test_e2e_form_input.py:35
  /Users/gautambiswas/Claude Code/aws_nonprofit_toolkit/aws_nonprofit_toolkit/Givebutter/tests/e2e/test_e2e_form_input.py:35: PytestUnknownMarkWarning: Unknown pytest.mark.asyncio - is this a typo?  You can register custom marks to avoid this warning - for details, see https://docs.pytest.org/en/stable/how-to/mark.html
    @pytest.mark.asyncio

tests/e2e/test_e2e_form_input.py:64
  /Users/gautambiswas/Claude Code/aws_nonprofit_toolkit/aws_nonprofit_toolkit/Givebutter/tests/e2e/test_e2e_form_input.py:64: PytestUnknownMarkWarning: Unknown pytest.mark.asyncio - is this a typo?  You can register custom marks to avoid this warning - for details, see https://docs.pytest.org/en/stable/how-to/mark.html
    @pytest.mark.asyncio

tests/e2e/test_e2e_form_input.py:97
  /Users/gautambiswas/Claude Code/aws_nonprofit_toolkit/aws_nonprofit_toolkit/Givebutter/tests/e2e/test_e2e_form_input.py:97: PytestUnknownMarkWarning: Unknown pytest.mark.asyncio - is this a typo?  You can register custom marks to avoid this warning - for details, see https://docs.pytest.org/en/stable/how-to/mark.html
    @pytest.mark.asyncio

tests/e2e/test_e2e_form_input.py:124
  /Users/gautambiswas/Claude Code/aws_nonprofit_toolkit/aws_nonprofit_toolkit/Givebutter/tests/e2e/test_e2e_form_input.py:124: PytestUnknownMarkWarning: Unknown pytest.mark.asyncio - is this a typo?  You can register custom marks to avoid this warning - for details, see https://docs.pytest.org/en/stable/how-to/mark.html
    @pytest.mark.asyncio

tests/e2e/test_e2e_form_input.py:158
  /Users/gautambiswas/Claude Code/aws_nonprofit_toolkit/aws_nonprofit_toolkit/Givebutter/tests/e2e/test_e2e_form_input.py:158: PytestUnknownMarkWarning: Unknown pytest.mark.asyncio - is this a typo?  You can register custom marks to avoid this warning - for details, see https://docs.pytest.org/en/stable/how-to/mark.html
    @pytest.mark.asyncio

tests/e2e/test_e2e_form_input.py:209
  /Users/gautambiswas/Claude Code/aws_nonprofit_toolkit/aws_nonprofit_toolkit/Givebutter/tests/e2e/test_e2e_form_input.py:209: PytestUnknownMarkWarning: Unknown pytest.mark.asyncio - is this a typo?  You can register custom marks to avoid this warning - for details, see https://docs.pytest.org/en/stable/how-to/mark.html
    @pytest.mark.asyncio

tests/e2e/test_e2e_form_input.py:250
  /Users/gautambiswas/Claude Code/aws_nonprofit_toolkit/aws_nonprofit_toolkit/Givebutter/tests/e2e/test_e2e_form_input.py:250: PytestUnknownMarkWarning: Unknown pytest.mark.asyncio - is this a typo?  You can register custom marks to avoid this warning - for details, see https://docs.pytest.org/en/stable/how-to/mark.html
    @pytest.mark.asyncio

tests/e2e/test_e2e_form_input.py:297
  /Users/gautambiswas/Claude Code/aws_nonprofit_toolkit/aws_nonprofit_toolkit/Givebutter/tests/e2e/test_e2e_form_input.py:297: PytestUnknownMarkWarning: Unknown pytest.mark.asyncio - is this a typo?  You can register custom marks to avoid this warning - for details, see https://docs.pytest.org/en/stable/how-to/mark.html
    @pytest.mark.asyncio

tests/e2e/test_e2e_form_input.py:337
  /Users/gautambiswas/Claude Code/aws_nonprofit_toolkit/aws_nonprofit_toolkit/Givebutter/tests/e2e/test_e2e_form_input.py:337: PytestUnknownMarkWarning: Unknown pytest.mark.asyncio - is this a typo?  You can register custom marks to avoid this warning - for details, see https://docs.pytest.org/en/stable/how-to/mark.html
    @pytest.mark.asyncio

tests/e2e/test_e2e_form_input.py:378
  /Users/gautambiswas/Claude Code/aws_nonprofit_toolkit/aws_nonprofit_toolkit/Givebutter/tests/e2e/test_e2e_form_input.py:378: PytestUnknownMarkWarning: Unknown pytest.mark.asyncio - is this a typo?  You can register custom marks to avoid this warning - for details, see https://docs.pytest.org/en/stable/how-to/mark.html
    @pytest.mark.asyncio

tests/e2e/test_e2e_form_input.py:418
  /Users/gautambiswas/Claude Code/aws_nonprofit_toolkit/aws_nonprofit_toolkit/Givebutter/tests/e2e/test_e2e_form_input.py:418: PytestUnknownMarkWarning: Unknown pytest.mark.asyncio - is this a typo?  You can register custom marks to avoid this warning - for details, see https://docs.pytest.org/en/stable/how-to/mark.html
    @pytest.mark.asyncio

tests/e2e/test_e2e_form_input.py:463
  /Users/gautambiswas/Claude Code/aws_nonprofit_toolkit/aws_nonprofit_toolkit/Givebutter/tests/e2e/test_e2e_form_input.py:463: PytestUnknownMarkWarning: Unknown pytest.mark.asyncio - is this a typo?  You can register custom marks to avoid this warning - for details, see https://docs.pytest.org/en/stable/how-to/mark.html
    @pytest.mark.asyncio

tests/e2e/test_e2e_form_input.py:495
  /Users/gautambiswas/Claude Code/aws_nonprofit_toolkit/aws_nonprofit_toolkit/Givebutter/tests/e2e/test_e2e_form_input.py:495: PytestUnknownMarkWarning: Unknown pytest.mark.asyncio - is this a typo?  You can register custom marks to avoid this warning - for details, see https://docs.pytest.org/en/stable/how-to/mark.html
    @pytest.mark.asyncio

tests/e2e/test_e2e_form_input.py:534
  /Users/gautambiswas/Claude Code/aws_nonprofit_toolkit/aws_nonprofit_toolkit/Givebutter/tests/e2e/test_e2e_form_input.py:534: PytestUnknownMarkWarning: Unknown pytest.mark.asyncio - is this a typo?  You can register custom marks to avoid this warning - for details, see https://docs.pytest.org/en/stable/how-to/mark.html
    @pytest.mark.asyncio

tests/e2e/test_e2e_form_input.py:572
  /Users/gautambiswas/Claude Code/aws_nonprofit_toolkit/aws_nonprofit_toolkit/Givebutter/tests/e2e/test_e2e_form_input.py:572: PytestUnknownMarkWarning: Unknown pytest.mark.asyncio - is this a typo?  You can register custom marks to avoid this warning - for details, see https://docs.pytest.org/en/stable/how-to/mark.html
    @pytest.mark.asyncio

tests/e2e/test_e2e_form_input.py:620
  /Users/gautambiswas/Claude Code/aws_nonprofit_toolkit/aws_nonprofit_toolkit/Givebutter/tests/e2e/test_e2e_form_input.py:620: PytestUnknownMarkWarning: Unknown pytest.mark.asyncio - is this a typo?  You can register custom marks to avoid this warning - for details, see https://docs.pytest.org/en/stable/how-to/mark.html
    @pytest.mark.asyncio

tests/e2e/test_e2e_upload_workflow.py:35
  /Users/gautambiswas/Claude Code/aws_nonprofit_toolkit/aws_nonprofit_toolkit/Givebutter/tests/e2e/test_e2e_upload_workflow.py:35: PytestUnknownMarkWarning: Unknown pytest.mark.asyncio - is this a typo?  You can register custom marks to avoid this warning - for details, see https://docs.pytest.org/en/stable/how-to/mark.html
    @pytest.mark.asyncio

tests/e2e/test_e2e_upload_workflow.py:72
  /Users/gautambiswas/Claude Code/aws_nonprofit_toolkit/aws_nonprofit_toolkit/Givebutter/tests/e2e/test_e2e_upload_workflow.py:72: PytestUnknownMarkWarning: Unknown pytest.mark.asyncio - is this a typo?  You can register custom marks to avoid this warning - for details, see https://docs.pytest.org/en/stable/how-to/mark.html
    @pytest.mark.asyncio

tests/e2e/test_e2e_upload_workflow.py:113
  /Users/gautambiswas/Claude Code/aws_nonprofit_toolkit/aws_nonprofit_toolkit/Givebutter/tests/e2e/test_e2e_upload_workflow.py:113: PytestUnknownMarkWarning: Unknown pytest.mark.asyncio - is this a typo?  You can register custom marks to avoid this warning - for details, see https://docs.pytest.org/en/stable/how-to/mark.html
    @pytest.mark.asyncio

tests/e2e/test_e2e_upload_workflow.py:146
  /Users/gautambiswas/Claude Code/aws_nonprofit_toolkit/aws_nonprofit_toolkit/Givebutter/tests/e2e/test_e2e_upload_workflow.py:146: PytestUnknownMarkWarning: Unknown pytest.mark.asyncio - is this a typo?  You can register custom marks to avoid this warning - for details, see https://docs.pytest.org/en/stable/how-to/mark.html
    @pytest.mark.asyncio

tests/e2e/test_e2e_upload_workflow.py:187
  /Users/gautambiswas/Claude Code/aws_nonprofit_toolkit/aws_nonprofit_toolkit/Givebutter/tests/e2e/test_e2e_upload_workflow.py:187: PytestUnknownMarkWarning: Unknown pytest.mark.asyncio - is this a typo?  You can register custom marks to avoid this warning - for details, see https://docs.pytest.org/en/stable/how-to/mark.html
    @pytest.mark.asyncio

tests/e2e/test_e2e_upload_workflow.py:214
  /Users/gautambiswas/Claude Code/aws_nonprofit_toolkit/aws_nonprofit_toolkit/Givebutter/tests/e2e/test_e2e_upload_workflow.py:214: PytestUnknownMarkWarning: Unknown pytest.mark.asyncio - is this a typo?  You can register custom marks to avoid this warning - for details, see https://docs.pytest.org/en/stable/how-to/mark.html
    @pytest.mark.asyncio

tests/e2e/test_e2e_upload_workflow.py:252
  /Users/gautambiswas/Claude Code/aws_nonprofit_toolkit/aws_nonprofit_toolkit/Givebutter/tests/e2e/test_e2e_upload_workflow.py:252: PytestUnknownMarkWarning: Unknown pytest.mark.asyncio - is this a typo?  You can register custom marks to avoid this warning - for details, see https://docs.pytest.org/en/stable/how-to/mark.html
    @pytest.mark.asyncio

tests/e2e/test_e2e_visual_regression.py:51
  /Users/gautambiswas/Claude Code/aws_nonprofit_toolkit/aws_nonprofit_toolkit/Givebutter/tests/e2e/test_e2e_visual_regression.py:51: PytestUnknownMarkWarning: Unknown pytest.mark.asyncio - is this a typo?  You can register custom marks to avoid this warning - for details, see https://docs.pytest.org/en/stable/how-to/mark.html
    @pytest.mark.asyncio

tests/e2e/test_e2e_visual_regression.py:77
  /Users/gautambiswas/Claude Code/aws_nonprofit_toolkit/aws_nonprofit_toolkit/Givebutter/tests/e2e/test_e2e_visual_regression.py:77: PytestUnknownMarkWarning: Unknown pytest.mark.asyncio - is this a typo?  You can register custom marks to avoid this warning - for details, see https://docs.pytest.org/en/stable/how-to/mark.html
    @pytest.mark.asyncio

tests/e2e/test_e2e_visual_regression.py:113
  /Users/gautambiswas/Claude Code/aws_nonprofit_toolkit/aws_nonprofit_toolkit/Givebutter/tests/e2e/test_e2e_visual_regression.py:113: PytestUnknownMarkWarning: Unknown pytest.mark.asyncio - is this a typo?  You can register custom marks to avoid this warning - for details, see https://docs.pytest.org/en/stable/how-to/mark.html
    @pytest.mark.asyncio

tests/e2e/test_e2e_visual_regression.py:154
  /Users/gautambiswas/Claude Code/aws_nonprofit_toolkit/aws_nonprofit_toolkit/Givebutter/tests/e2e/test_e2e_visual_regression.py:154: PytestUnknownMarkWarning: Unknown pytest.mark.asyncio - is this a typo?  You can register custom marks to avoid this warning - for details, see https://docs.pytest.org/en/stable/how-to/mark.html
    @pytest.mark.asyncio

tests/e2e/test_e2e_visual_regression.py:200
  /Users/gautambiswas/Claude Code/aws_nonprofit_toolkit/aws_nonprofit_toolkit/Givebutter/tests/e2e/test_e2e_visual_regression.py:200: PytestUnknownMarkWarning: Unknown pytest.mark.asyncio - is this a typo?  You can register custom marks to avoid this warning - for details, see https://docs.pytest.org/en/stable/how-to/mark.html
    @pytest.mark.asyncio

tests/e2e/test_e2e_visual_regression.py:244
  /Users/gautambiswas/Claude Code/aws_nonprofit_toolkit/aws_nonprofit_toolkit/Givebutter/tests/e2e/test_e2e_visual_regression.py:244: PytestUnknownMarkWarning: Unknown pytest.mark.asyncio - is this a typo?  You can register custom marks to avoid this warning - for details, see https://docs.pytest.org/en/stable/how-to/mark.html
    @pytest.mark.asyncio

tests/e2e/test_e2e_visual_regression.py:276
  /Users/gautambiswas/Claude Code/aws_nonprofit_toolkit/aws_nonprofit_toolkit/Givebutter/tests/e2e/test_e2e_visual_regression.py:276: PytestUnknownMarkWarning: Unknown pytest.mark.asyncio - is this a typo?  You can register custom marks to avoid this warning - for details, see https://docs.pytest.org/en/stable/how-to/mark.html
    @pytest.mark.asyncio

tests/e2e/test_e2e_visual_regression.py:301
  /Users/gautambiswas/Claude Code/aws_nonprofit_toolkit/aws_nonprofit_toolkit/Givebutter/tests/e2e/test_e2e_visual_regression.py:301: PytestUnknownMarkWarning: Unknown pytest.mark.asyncio - is this a typo?  You can register custom marks to avoid this warning - for details, see https://docs.pytest.org/en/stable/how-to/mark.html
    @pytest.mark.asyncio

tests/e2e/test_e2e_visual_regression.py:342
  /Users/gautambiswas/Claude Code/aws_nonprofit_toolkit/aws_nonprofit_toolkit/Givebutter/tests/e2e/test_e2e_visual_regression.py:342: PytestUnknownMarkWarning: Unknown pytest.mark.asyncio - is this a typo?  You can register custom marks to avoid this warning - for details, see https://docs.pytest.org/en/stable/how-to/mark.html
    @pytest.mark.asyncio

tests/e2e/test_e2e_visual_regression.py:383
  /Users/gautambiswas/Claude Code/aws_nonprofit_toolkit/aws_nonprofit_toolkit/Givebutter/tests/e2e/test_e2e_visual_regression.py:383: PytestUnknownMarkWarning: Unknown pytest.mark.asyncio - is this a typo?  You can register custom marks to avoid this warning - for details, see https://docs.pytest.org/en/stable/how-to/mark.html
    @pytest.mark.asyncio

-- Docs: https://docs.pytest.org/en/stable/how-to/capture-warnings.html
=========================== short test summary info ============================
ERROR tests/integration/test_csv_formats.py
ERROR tests/integration/test_decision_persistence.py
ERROR tests/integration/test_processor_full.py
ERROR tests/unit/test_tier_assignment.py
ERROR tests/unit/test_validation_address.py
ERROR tests/unit/test_validation_amount.py
ERROR tests/unit/test_validation_email.py
ERROR tests/unit/test_validation_header.py
ERROR tests/unit/test_validation_name.py
ERROR tests/unit/test_validation_phone.py
!!!!!!!!!!!!!!!!!!! Interrupted: 10 errors during collection !!!!!!!!!!!!!!!!!!!
======================= 41 warnings, 10 errors in 0.49s ========================
